[2016-12-03 04:59:55] local.ERROR: exception 'ErrorException' with message 'file_put_contents(D:\wamp\www\super_admin\storage\framework/sessions/fP6e9kFx3UGSLR1V2TsPLGRYtea5StajOuBwjiTU): failed to open stream: No such file or directory' in D:\wamp\www\super_admin\vendor\laravel\framework\src\Illuminate\Filesystem\Filesystem.php:111
Stack trace:
#0 [internal function]: Illuminate\Foundation\Bootstrap\HandleExceptions->handleError(2, 'file_put_conten...', 'D:\\wamp\\www\\sup...', 111, Array)
#1 D:\wamp\www\super_admin\vendor\laravel\framework\src\Illuminate\Filesystem\Filesystem.php(111): file_put_contents('D:\\wamp\\www\\sup...', 'a:5:{s:6:"_toke...', 2)
#2 D:\wamp\www\super_admin\vendor\laravel\framework\src\Illuminate\Session\FileSessionHandler.php(83): Illuminate\Filesystem\Filesystem->put('D:\\wamp\\www\\sup...', 'a:5:{s:6:"_toke...', true)
#3 D:\wamp\www\super_admin\vendor\laravel\framework\src\Illuminate\Session\Store.php(262): Illuminate\Session\FileSessionHandler->write('fP6e9kFx3UGSLR1...', 'a:5:{s:6:"_toke...')
#4 D:\wamp\www\super_admin\vendor\laravel\framework\src\Illuminate\Session\Middleware\StartSession.php(88): Illuminate\Session\Store->save()
#5 D:\wamp\www\super_admin\vendor\laravel\framework\src\Illuminate\Foundation\Http\Kernel.php(176): Illuminate\Session\Middleware\StartSession->terminate(Object(Illuminate\Http\Request), Object(Illuminate\Http\RedirectResponse))
#6 D:\wamp\www\super_admin\public\index.php(58): Illuminate\Foundation\Http\Kernel->terminate(Object(Illuminate\Http\Request), Object(Illuminate\Http\RedirectResponse))
#7 {main}  
[2016-12-03 04:59:56] local.ERROR: exception 'InvalidArgumentException' with message 'Please provide a valid cache path.' in D:\wamp\www\super_admin\vendor\laravel\framework\src\Illuminate\View\Compilers\Compiler.php:36
Stack trace:
#0 D:\wamp\www\super_admin\vendor\laravel\framework\src\Illuminate\View\ViewServiceProvider.php(77): Illuminate\View\Compilers\Compiler->__construct(Object(Illuminate\Filesystem\Filesystem), false)
#1 D:\wamp\www\super_admin\vendor\laravel\framework\src\Illuminate\Container\Container.php(731): Illuminate\View\ViewServiceProvider->Illuminate\View\{closure}(Object(Illuminate\Foundation\Application), Array)
#2 D:\wamp\www\super_admin\vendor\laravel\framework\src\Illuminate\Container\Container.php(629): Illuminate\Container\Container->build(Object(Closure), Array)
#3 D:\wamp\www\super_admin\vendor\laravel\framework\src\Illuminate\Foundation\Application.php(709): Illuminate\Container\Container->make('blade.compiler', Array)
#4 D:\wamp\www\super_admin\vendor\laravel\framework\src\Illuminate\Container\Container.php(1182): Illuminate\Foundation\Application->make('blade.compiler')
#5 D:\wamp\www\super_admin\vendor\laravel\framework\src\Illuminate\View\ViewServiceProvider.php(81): Illuminate\Container\Container->offsetGet('blade.compiler')
#6 [internal function]: Illuminate\View\ViewServiceProvider->Illuminate\View\{closure}()
#7 D:\wamp\www\super_admin\vendor\laravel\framework\src\Illuminate\View\Engines\EngineResolver.php(54): call_user_func(Object(Closure))
#8 D:\wamp\www\super_admin\vendor\laravel\framework\src\Illuminate\View\Factory.php(320): Illuminate\View\Engines\EngineResolver->resolve('blade')
#9 D:\wamp\www\super_admin\vendor\laravel\framework\src\Illuminate\View\Factory.php(178): Illuminate\View\Factory->getEngineFromPath('D:\\wamp\\www\\sup...')
#10 D:\wamp\www\super_admin\vendor\laravel\framework\src\Illuminate\Foundation\helpers.php(855): Illuminate\View\Factory->make('auth.login', Array, Array)
#11 D:\wamp\www\super_admin\vendor\laravel\framework\src\Illuminate\Foundation\Auth\AuthenticatesUsers.php(20): view('auth.login')
#12 [internal function]: App\Http\Controllers\Auth\LoginController->showLoginForm()
#13 D:\wamp\www\super_admin\vendor\laravel\framework\src\Illuminate\Routing\Controller.php(55): call_user_func_array(Array, Array)
#14 D:\wamp\www\super_admin\vendor\laravel\framework\src\Illuminate\Routing\ControllerDispatcher.php(44): Illuminate\Routing\Controller->callAction('showLoginForm', Array)
#15 D:\wamp\www\super_admin\vendor\laravel\framework\src\Illuminate\Routing\Route.php(190): Illuminate\Routing\ControllerDispatcher->dispatch(Object(Illuminate\Routing\Route), Object(App\Http\Controllers\Auth\LoginController), 'showLoginForm')
#16 D:\wamp\www\super_admin\vendor\laravel\framework\src\Illuminate\Routing\Route.php(144): Illuminate\Routing\Route->runController()
#17 D:\wamp\www\super_admin\vendor\laravel\framework\src\Illuminate\Routing\Router.php(642): Illuminate\Routing\Route->run(Object(Illuminate\Http\Request))
#18 D:\wamp\www\super_admin\vendor\laravel\framework\src\Illuminate\Routing\Pipeline.php(53): Illuminate\Routing\Router->Illuminate\Routing\{closure}(Object(Illuminate\Http\Request))
#19 D:\wamp\www\super_admin\app\Http\Middleware\RedirectIfAuthenticated.php(24): Illuminate\Routing\Pipeline->Illuminate\Routing\{closure}(Object(Illuminate\Http\Request))
#20 D:\wamp\www\super_admin\vendor\laravel\framework\src\Illuminate\Pipeline\Pipeline.php(137): App\Http\Middleware\RedirectIfAuthenticated->handle(Object(Illuminate\Http\Request), Object(Closure))
#21 D:\wamp\www\super_admin\vendor\laravel\framework\src\Illuminate\Routing\Pipeline.php(33): Illuminate\Pipeline\Pipeline->Illuminate\Pipeline\{closure}(Object(Illuminate\Http\Request))
#22 D:\wamp\www\super_admin\vendor\laravel\framework\src\Illuminate\Routing\Middleware\SubstituteBindings.php(41): Illuminate\Routing\Pipeline->Illuminate\Routing\{closure}(Object(Illuminate\Http\Request))
#23 D:\wamp\www\super_admin\vendor\laravel\framework\src\Illuminate\Pipeline\Pipeline.php(137): Illuminate\Routing\Middleware\SubstituteBindings->handle(Object(Illuminate\Http\Request), Object(Closure))
#24 D:\wamp\www\super_admin\vendor\laravel\framework\src\Illuminate\Routing\Pipeline.php(33): Illuminate\Pipeline\Pipeline->Illuminate\Pipeline\{closure}(Object(Illuminate\Http\Request))
#25 D:\wamp\www\super_admin\vendor\laravel\framework\src\Illuminate\Foundation\Http\Middleware\VerifyCsrfToken.php(64): Illuminate\Routing\Pipeline->Illuminate\Routing\{closure}(Object(Illuminate\Http\Request))
#26 D:\wamp\www\super_admin\vendor\laravel\framework\src\Illuminate\Pipeline\Pipeline.php(137): Illuminate\Foundation\Http\Middleware\VerifyCsrfToken->handle(Object(Illuminate\Http\Request), Object(Closure))
#27 D:\wamp\www\super_admin\vendor\laravel\framework\src\Illuminate\Routing\Pipeline.php(33): Illuminate\Pipeline\Pipeline->Illuminate\Pipeline\{closure}(Object(Illuminate\Http\Request))
#28 D:\wamp\www\super_admin\vendor\laravel\framework\src\Illuminate\View\Middleware\ShareErrorsFromSession.php(49): Illuminate\Routing\Pipeline->Illuminate\Routing\{closure}(Object(Illuminate\Http\Request))
#29 D:\wamp\www\super_admin\vendor\laravel\framework\src\Illuminate\Pipeline\Pipeline.php(137): Illuminate\View\Middleware\ShareErrorsFromSession->handle(Object(Illuminate\Http\Request), Object(Closure))
#30 D:\wamp\www\super_admin\vendor\laravel\framework\src\Illuminate\Routing\Pipeline.php(33): Illuminate\Pipeline\Pipeline->Illuminate\Pipeline\{closure}(Object(Illuminate\Http\Request))
#31 D:\wamp\www\super_admin\vendor\laravel\framework\src\Illuminate\Session\Middleware\StartSession.php(64): Illuminate\Routing\Pipeline->Illuminate\Routing\{closure}(Object(Illuminate\Http\Request))
#32 D:\wamp\www\super_admin\vendor\laravel\framework\src\Illuminate\Pipeline\Pipeline.php(137): Illuminate\Session\Middleware\StartSession->handle(Object(Illuminate\Http\Request), Object(Closure))
#33 D:\wamp\www\super_admin\vendor\laravel\framework\src\Illuminate\Routing\Pipeline.php(33): Illuminate\Pipeline\Pipeline->Illuminate\Pipeline\{closure}(Object(Illuminate\Http\Request))
#34 D:\wamp\www\super_admin\vendor\laravel\framework\src\Illuminate\Cookie\Middleware\AddQueuedCookiesToResponse.php(37): Illuminate\Routing\Pipeline->Illuminate\Routing\{closure}(Object(Illuminate\Http\Request))
#35 D:\wamp\www\super_admin\vendor\laravel\framework\src\Illuminate\Pipeline\Pipeline.php(137): Illuminate\Cookie\Middleware\AddQueuedCookiesToResponse->handle(Object(Illuminate\Http\Request), Object(Closure))
#36 D:\wamp\www\super_admin\vendor\laravel\framework\src\Illuminate\Routing\Pipeline.php(33): Illuminate\Pipeline\Pipeline->Illuminate\Pipeline\{closure}(Object(Illuminate\Http\Request))
#37 D:\wamp\www\super_admin\vendor\laravel\framework\src\Illuminate\Cookie\Middleware\EncryptCookies.php(59): Illuminate\Routing\Pipeline->Illuminate\Routing\{closure}(Object(Illuminate\Http\Request))
#38 D:\wamp\www\super_admin\vendor\laravel\framework\src\Illuminate\Pipeline\Pipeline.php(137): Illuminate\Cookie\Middleware\EncryptCookies->handle(Object(Illuminate\Http\Request), Object(Closure))
#39 D:\wamp\www\super_admin\vendor\laravel\framework\src\Illuminate\Routing\Pipeline.php(33): Illuminate\Pipeline\Pipeline->Illuminate\Pipeline\{closure}(Object(Illuminate\Http\Request))
#40 D:\wamp\www\super_admin\vendor\laravel\framework\src\Illuminate\Pipeline\Pipeline.php(104): Illuminate\Routing\Pipeline->Illuminate\Routing\{closure}(Object(Illuminate\Http\Request))
#41 D:\wamp\www\super_admin\vendor\laravel\framework\src\Illuminate\Routing\Router.php(644): Illuminate\Pipeline\Pipeline->then(Object(Closure))
#42 D:\wamp\www\super_admin\vendor\laravel\framework\src\Illuminate\Routing\Router.php(618): Illuminate\Routing\Router->runRouteWithinStack(Object(Illuminate\Routing\Route), Object(Illuminate\Http\Request))
#43 D:\wamp\www\super_admin\vendor\laravel\framework\src\Illuminate\Routing\Router.php(596): Illuminate\Routing\Router->dispatchToRoute(Object(Illuminate\Http\Request))
#44 D:\wamp\www\super_admin\vendor\laravel\framework\src\Illuminate\Foundation\Http\Kernel.php(267): Illuminate\Routing\Router->dispatch(Object(Illuminate\Http\Request))
#45 D:\wamp\www\super_admin\vendor\laravel\framework\src\Illuminate\Routing\Pipeline.php(53): Illuminate\Foundation\Http\Kernel->Illuminate\Foundation\Http\{closure}(Object(Illuminate\Http\Request))
#46 D:\wamp\www\super_admin\vendor\laravel\framework\src\Illuminate\Foundation\Http\Middleware\CheckForMaintenanceMode.php(46): Illuminate\Routing\Pipeline->Illuminate\Routing\{closure}(Object(Illuminate\Http\Request))
#47 D:\wamp\www\super_admin\vendor\laravel\framework\src\Illuminate\Pipeline\Pipeline.php(137): Illuminate\Foundation\Http\Middleware\CheckForMaintenanceMode->handle(Object(Illuminate\Http\Request), Object(Closure))
#48 D:\wamp\www\super_admin\vendor\laravel\framework\src\Illuminate\Routing\Pipeline.php(33): Illuminate\Pipeline\Pipeline->Illuminate\Pipeline\{closure}(Object(Illuminate\Http\Request))
#49 D:\wamp\www\super_admin\vendor\laravel\framework\src\Illuminate\Pipeline\Pipeline.php(104): Illuminate\Routing\Pipeline->Illuminate\Routing\{closure}(Object(Illuminate\Http\Request))
#50 D:\wamp\www\super_admin\vendor\laravel\framework\src\Illuminate\Foundation\Http\Kernel.php(149): Illuminate\Pipeline\Pipeline->then(Object(Closure))
#51 D:\wamp\www\super_admin\vendor\laravel\framework\src\Illuminate\Foundation\Http\Kernel.php(116): Illuminate\Foundation\Http\Kernel->sendRequestThroughRouter(Object(Illuminate\Http\Request))
#52 D:\wamp\www\super_admin\public\index.php(54): Illuminate\Foundation\Http\Kernel->handle(Object(Illuminate\Http\Request))
#53 {main}  
[2016-12-03 04:59:56] local.ERROR: exception 'ErrorException' with message 'file_put_contents(D:\wamp\www\super_admin\storage\framework/sessions/fP6e9kFx3UGSLR1V2TsPLGRYtea5StajOuBwjiTU): failed to open stream: No such file or directory' in D:\wamp\www\super_admin\vendor\laravel\framework\src\Illuminate\Filesystem\Filesystem.php:111
Stack trace:
#0 [internal function]: Illuminate\Foundation\Bootstrap\HandleExceptions->handleError(2, 'file_put_conten...', 'D:\\wamp\\www\\sup...', 111, Array)
#1 D:\wamp\www\super_admin\vendor\laravel\framework\src\Illuminate\Filesystem\Filesystem.php(111): file_put_contents('D:\\wamp\\www\\sup...', 'a:4:{s:6:"_toke...', 2)
#2 D:\wamp\www\super_admin\vendor\laravel\framework\src\Illuminate\Session\FileSessionHandler.php(83): Illuminate\Filesystem\Filesystem->put('D:\\wamp\\www\\sup...', 'a:4:{s:6:"_toke...', true)
#3 D:\wamp\www\super_admin\vendor\laravel\framework\src\Illuminate\Session\Store.php(262): Illuminate\Session\FileSessionHandler->write('fP6e9kFx3UGSLR1...', 'a:4:{s:6:"_toke...')
#4 D:\wamp\www\super_admin\vendor\laravel\framework\src\Illuminate\Session\Middleware\StartSession.php(88): Illuminate\Session\Store->save()
#5 D:\wamp\www\super_admin\vendor\laravel\framework\src\Illuminate\Foundation\Http\Kernel.php(176): Illuminate\Session\Middleware\StartSession->terminate(Object(Illuminate\Http\Request), Object(Illuminate\Http\Response))
#6 D:\wamp\www\super_admin\public\index.php(58): Illuminate\Foundation\Http\Kernel->terminate(Object(Illuminate\Http\Request), Object(Illuminate\Http\Response))
#7 {main}  
[2016-12-03 06:08:59] local.ERROR: exception 'ErrorException' with message 'file_put_contents(D:\wamp\www\super_admin\storage\framework/sessions/fP6e9kFx3UGSLR1V2TsPLGRYtea5StajOuBwjiTU): failed to open stream: No such file or directory' in D:\wamp\www\super_admin\vendor\laravel\framework\src\Illuminate\Filesystem\Filesystem.php:111
Stack trace:
#0 [internal function]: Illuminate\Foundation\Bootstrap\HandleExceptions->handleError(2, 'file_put_conten...', 'D:\\wamp\\www\\sup...', 111, Array)
#1 D:\wamp\www\super_admin\vendor\laravel\framework\src\Illuminate\Filesystem\Filesystem.php(111): file_put_contents('D:\\wamp\\www\\sup...', 'a:5:{s:6:"_toke...', 2)
#2 D:\wamp\www\super_admin\vendor\laravel\framework\src\Illuminate\Session\FileSessionHandler.php(83): Illuminate\Filesystem\Filesystem->put('D:\\wamp\\www\\sup...', 'a:5:{s:6:"_toke...', true)
#3 D:\wamp\www\super_admin\vendor\laravel\framework\src\Illuminate\Session\Store.php(262): Illuminate\Session\FileSessionHandler->write('fP6e9kFx3UGSLR1...', 'a:5:{s:6:"_toke...')
#4 D:\wamp\www\super_admin\vendor\laravel\framework\src\Illuminate\Session\Middleware\StartSession.php(88): Illuminate\Session\Store->save()
#5 D:\wamp\www\super_admin\vendor\laravel\framework\src\Illuminate\Foundation\Http\Kernel.php(176): Illuminate\Session\Middleware\StartSession->terminate(Object(Illuminate\Http\Request), Object(Illuminate\Http\RedirectResponse))
#6 D:\wamp\www\super_admin\public\index.php(58): Illuminate\Foundation\Http\Kernel->terminate(Object(Illuminate\Http\Request), Object(Illuminate\Http\RedirectResponse))
#7 {main}  
[2016-12-03 06:09:00] local.ERROR: exception 'InvalidArgumentException' with message 'Please provide a valid cache path.' in D:\wamp\www\super_admin\vendor\laravel\framework\src\Illuminate\View\Compilers\Compiler.php:36
Stack trace:
#0 D:\wamp\www\super_admin\vendor\laravel\framework\src\Illuminate\View\ViewServiceProvider.php(77): Illuminate\View\Compilers\Compiler->__construct(Object(Illuminate\Filesystem\Filesystem), false)
#1 D:\wamp\www\super_admin\vendor\laravel\framework\src\Illuminate\Container\Container.php(731): Illuminate\View\ViewServiceProvider->Illuminate\View\{closure}(Object(Illuminate\Foundation\Application), Array)
#2 D:\wamp\www\super_admin\vendor\laravel\framework\src\Illuminate\Container\Container.php(629): Illuminate\Container\Container->build(Object(Closure), Array)
#3 D:\wamp\www\super_admin\vendor\laravel\framework\src\Illuminate\Foundation\Application.php(709): Illuminate\Container\Container->make('blade.compiler', Array)
#4 D:\wamp\www\super_admin\vendor\laravel\framework\src\Illuminate\Container\Container.php(1182): Illuminate\Foundation\Application->make('blade.compiler')
#5 D:\wamp\www\super_admin\vendor\laravel\framework\src\Illuminate\View\ViewServiceProvider.php(81): Illuminate\Container\Container->offsetGet('blade.compiler')
#6 [internal function]: Illuminate\View\ViewServiceProvider->Illuminate\View\{closure}()
#7 D:\wamp\www\super_admin\vendor\laravel\framework\src\Illuminate\View\Engines\EngineResolver.php(54): call_user_func(Object(Closure))
#8 D:\wamp\www\super_admin\vendor\laravel\framework\src\Illuminate\View\Factory.php(320): Illuminate\View\Engines\EngineResolver->resolve('blade')
#9 D:\wamp\www\super_admin\vendor\laravel\framework\src\Illuminate\View\Factory.php(178): Illuminate\View\Factory->getEngineFromPath('D:\\wamp\\www\\sup...')
#10 D:\wamp\www\super_admin\vendor\laravel\framework\src\Illuminate\Foundation\helpers.php(855): Illuminate\View\Factory->make('auth.login', Array, Array)
#11 D:\wamp\www\super_admin\vendor\laravel\framework\src\Illuminate\Foundation\Auth\AuthenticatesUsers.php(20): view('auth.login')
#12 [internal function]: App\Http\Controllers\Auth\LoginController->showLoginForm()
#13 D:\wamp\www\super_admin\vendor\laravel\framework\src\Illuminate\Routing\Controller.php(55): call_user_func_array(Array, Array)
#14 D:\wamp\www\super_admin\vendor\laravel\framework\src\Illuminate\Routing\ControllerDispatcher.php(44): Illuminate\Routing\Controller->callAction('showLoginForm', Array)
#15 D:\wamp\www\super_admin\vendor\laravel\framework\src\Illuminate\Routing\Route.php(190): Illuminate\Routing\ControllerDispatcher->dispatch(Object(Illuminate\Routing\Route), Object(App\Http\Controllers\Auth\LoginController), 'showLoginForm')
#16 D:\wamp\www\super_admin\vendor\laravel\framework\src\Illuminate\Routing\Route.php(144): Illuminate\Routing\Route->runController()
#17 D:\wamp\www\super_admin\vendor\laravel\framework\src\Illuminate\Routing\Router.php(642): Illuminate\Routing\Route->run(Object(Illuminate\Http\Request))
#18 D:\wamp\www\super_admin\vendor\laravel\framework\src\Illuminate\Routing\Pipeline.php(53): Illuminate\Routing\Router->Illuminate\Routing\{closure}(Object(Illuminate\Http\Request))
#19 D:\wamp\www\super_admin\app\Http\Middleware\RedirectIfAuthenticated.php(24): Illuminate\Routing\Pipeline->Illuminate\Routing\{closure}(Object(Illuminate\Http\Request))
#20 D:\wamp\www\super_admin\vendor\laravel\framework\src\Illuminate\Pipeline\Pipeline.php(137): App\Http\Middleware\RedirectIfAuthenticated->handle(Object(Illuminate\Http\Request), Object(Closure))
#21 D:\wamp\www\super_admin\vendor\laravel\framework\src\Illuminate\Routing\Pipeline.php(33): Illuminate\Pipeline\Pipeline->Illuminate\Pipeline\{closure}(Object(Illuminate\Http\Request))
#22 D:\wamp\www\super_admin\vendor\laravel\framework\src\Illuminate\Routing\Middleware\SubstituteBindings.php(41): Illuminate\Routing\Pipeline->Illuminate\Routing\{closure}(Object(Illuminate\Http\Request))
#23 D:\wamp\www\super_admin\vendor\laravel\framework\src\Illuminate\Pipeline\Pipeline.php(137): Illuminate\Routing\Middleware\SubstituteBindings->handle(Object(Illuminate\Http\Request), Object(Closure))
#24 D:\wamp\www\super_admin\vendor\laravel\framework\src\Illuminate\Routing\Pipeline.php(33): Illuminate\Pipeline\Pipeline->Illuminate\Pipeline\{closure}(Object(Illuminate\Http\Request))
#25 D:\wamp\www\super_admin\vendor\laravel\framework\src\Illuminate\Foundation\Http\Middleware\VerifyCsrfToken.php(64): Illuminate\Routing\Pipeline->Illuminate\Routing\{closure}(Object(Illuminate\Http\Request))
#26 D:\wamp\www\super_admin\vendor\laravel\framework\src\Illuminate\Pipeline\Pipeline.php(137): Illuminate\Foundation\Http\Middleware\VerifyCsrfToken->handle(Object(Illuminate\Http\Request), Object(Closure))
#27 D:\wamp\www\super_admin\vendor\laravel\framework\src\Illuminate\Routing\Pipeline.php(33): Illuminate\Pipeline\Pipeline->Illuminate\Pipeline\{closure}(Object(Illuminate\Http\Request))
#28 D:\wamp\www\super_admin\vendor\laravel\framework\src\Illuminate\View\Middleware\ShareErrorsFromSession.php(49): Illuminate\Routing\Pipeline->Illuminate\Routing\{closure}(Object(Illuminate\Http\Request))
#29 D:\wamp\www\super_admin\vendor\laravel\framework\src\Illuminate\Pipeline\Pipeline.php(137): Illuminate\View\Middleware\ShareErrorsFromSession->handle(Object(Illuminate\Http\Request), Object(Closure))
#30 D:\wamp\www\super_admin\vendor\laravel\framework\src\Illuminate\Routing\Pipeline.php(33): Illuminate\Pipeline\Pipeline->Illuminate\Pipeline\{closure}(Object(Illuminate\Http\Request))
#31 D:\wamp\www\super_admin\vendor\laravel\framework\src\Illuminate\Session\Middleware\StartSession.php(64): Illuminate\Routing\Pipeline->Illuminate\Routing\{closure}(Object(Illuminate\Http\Request))
#32 D:\wamp\www\super_admin\vendor\laravel\framework\src\Illuminate\Pipeline\Pipeline.php(137): Illuminate\Session\Middleware\StartSession->handle(Object(Illuminate\Http\Request), Object(Closure))
#33 D:\wamp\www\super_admin\vendor\laravel\framework\src\Illuminate\Routing\Pipeline.php(33): Illuminate\Pipeline\Pipeline->Illuminate\Pipeline\{closure}(Object(Illuminate\Http\Request))
#34 D:\wamp\www\super_admin\vendor\laravel\framework\src\Illuminate\Cookie\Middleware\AddQueuedCookiesToResponse.php(37): Illuminate\Routing\Pipeline->Illuminate\Routing\{closure}(Object(Illuminate\Http\Request))
#35 D:\wamp\www\super_admin\vendor\laravel\framework\src\Illuminate\Pipeline\Pipeline.php(137): Illuminate\Cookie\Middleware\AddQueuedCookiesToResponse->handle(Object(Illuminate\Http\Request), Object(Closure))
#36 D:\wamp\www\super_admin\vendor\laravel\framework\src\Illuminate\Routing\Pipeline.php(33): Illuminate\Pipeline\Pipeline->Illuminate\Pipeline\{closure}(Object(Illuminate\Http\Request))
#37 D:\wamp\www\super_admin\vendor\laravel\framework\src\Illuminate\Cookie\Middleware\EncryptCookies.php(59): Illuminate\Routing\Pipeline->Illuminate\Routing\{closure}(Object(Illuminate\Http\Request))
#38 D:\wamp\www\super_admin\vendor\laravel\framework\src\Illuminate\Pipeline\Pipeline.php(137): Illuminate\Cookie\Middleware\EncryptCookies->handle(Object(Illuminate\Http\Request), Object(Closure))
#39 D:\wamp\www\super_admin\vendor\laravel\framework\src\Illuminate\Routing\Pipeline.php(33): Illuminate\Pipeline\Pipeline->Illuminate\Pipeline\{closure}(Object(Illuminate\Http\Request))
#40 D:\wamp\www\super_admin\vendor\laravel\framework\src\Illuminate\Pipeline\Pipeline.php(104): Illuminate\Routing\Pipeline->Illuminate\Routing\{closure}(Object(Illuminate\Http\Request))
#41 D:\wamp\www\super_admin\vendor\laravel\framework\src\Illuminate\Routing\Router.php(644): Illuminate\Pipeline\Pipeline->then(Object(Closure))
#42 D:\wamp\www\super_admin\vendor\laravel\framework\src\Illuminate\Routing\Router.php(618): Illuminate\Routing\Router->runRouteWithinStack(Object(Illuminate\Routing\Route), Object(Illuminate\Http\Request))
#43 D:\wamp\www\super_admin\vendor\laravel\framework\src\Illuminate\Routing\Router.php(596): Illuminate\Routing\Router->dispatchToRoute(Object(Illuminate\Http\Request))
#44 D:\wamp\www\super_admin\vendor\laravel\framework\src\Illuminate\Foundation\Http\Kernel.php(267): Illuminate\Routing\Router->dispatch(Object(Illuminate\Http\Request))
#45 D:\wamp\www\super_admin\vendor\laravel\framework\src\Illuminate\Routing\Pipeline.php(53): Illuminate\Foundation\Http\Kernel->Illuminate\Foundation\Http\{closure}(Object(Illuminate\Http\Request))
#46 D:\wamp\www\super_admin\vendor\laravel\framework\src\Illuminate\Foundation\Http\Middleware\CheckForMaintenanceMode.php(46): Illuminate\Routing\Pipeline->Illuminate\Routing\{closure}(Object(Illuminate\Http\Request))
#47 D:\wamp\www\super_admin\vendor\laravel\framework\src\Illuminate\Pipeline\Pipeline.php(137): Illuminate\Foundation\Http\Middleware\CheckForMaintenanceMode->handle(Object(Illuminate\Http\Request), Object(Closure))
#48 D:\wamp\www\super_admin\vendor\laravel\framework\src\Illuminate\Routing\Pipeline.php(33): Illuminate\Pipeline\Pipeline->Illuminate\Pipeline\{closure}(Object(Illuminate\Http\Request))
#49 D:\wamp\www\super_admin\vendor\laravel\framework\src\Illuminate\Pipeline\Pipeline.php(104): Illuminate\Routing\Pipeline->Illuminate\Routing\{closure}(Object(Illuminate\Http\Request))
#50 D:\wamp\www\super_admin\vendor\laravel\framework\src\Illuminate\Foundation\Http\Kernel.php(149): Illuminate\Pipeline\Pipeline->then(Object(Closure))
#51 D:\wamp\www\super_admin\vendor\laravel\framework\src\Illuminate\Foundation\Http\Kernel.php(116): Illuminate\Foundation\Http\Kernel->sendRequestThroughRouter(Object(Illuminate\Http\Request))
#52 D:\wamp\www\super_admin\public\index.php(54): Illuminate\Foundation\Http\Kernel->handle(Object(Illuminate\Http\Request))
#53 {main}  
[2016-12-03 06:09:00] local.ERROR: exception 'ErrorException' with message 'file_put_contents(D:\wamp\www\super_admin\storage\framework/sessions/fP6e9kFx3UGSLR1V2TsPLGRYtea5StajOuBwjiTU): failed to open stream: No such file or directory' in D:\wamp\www\super_admin\vendor\laravel\framework\src\Illuminate\Filesystem\Filesystem.php:111
Stack trace:
#0 [internal function]: Illuminate\Foundation\Bootstrap\HandleExceptions->handleError(2, 'file_put_conten...', 'D:\\wamp\\www\\sup...', 111, Array)
#1 D:\wamp\www\super_admin\vendor\laravel\framework\src\Illuminate\Filesystem\Filesystem.php(111): file_put_contents('D:\\wamp\\www\\sup...', 'a:4:{s:6:"_toke...', 2)
#2 D:\wamp\www\super_admin\vendor\laravel\framework\src\Illuminate\Session\FileSessionHandler.php(83): Illuminate\Filesystem\Filesystem->put('D:\\wamp\\www\\sup...', 'a:4:{s:6:"_toke...', true)
#3 D:\wamp\www\super_admin\vendor\laravel\framework\src\Illuminate\Session\Store.php(262): Illuminate\Session\FileSessionHandler->write('fP6e9kFx3UGSLR1...', 'a:4:{s:6:"_toke...')
#4 D:\wamp\www\super_admin\vendor\laravel\framework\src\Illuminate\Session\Middleware\StartSession.php(88): Illuminate\Session\Store->save()
#5 D:\wamp\www\super_admin\vendor\laravel\framework\src\Illuminate\Foundation\Http\Kernel.php(176): Illuminate\Session\Middleware\StartSession->terminate(Object(Illuminate\Http\Request), Object(Illuminate\Http\Response))
#6 D:\wamp\www\super_admin\public\index.php(58): Illuminate\Foundation\Http\Kernel->terminate(Object(Illuminate\Http\Request), Object(Illuminate\Http\Response))
#7 {main}  
[2016-12-03 06:17:30] local.ERROR: exception 'RuntimeException' with message 'View path not found.' in D:\wamp\www\super_admin\vendor\laravel\framework\src\Illuminate\Foundation\Console\ViewClearCommand.php:55
Stack trace:
#0 [internal function]: Illuminate\Foundation\Console\ViewClearCommand->fire()
#1 D:\wamp\www\super_admin\vendor\laravel\framework\src\Illuminate\Container\Container.php(507): call_user_func_array(Array, Array)
#2 D:\wamp\www\super_admin\vendor\laravel\framework\src\Illuminate\Console\Command.php(169): Illuminate\Container\Container->call(Array)
#3 D:\wamp\www\super_admin\vendor\symfony\console\Command\Command.php(256): Illuminate\Console\Command->execute(Object(Symfony\Component\Console\Input\ArgvInput), Object(Symfony\Component\Console\Output\ConsoleOutput))
#4 D:\wamp\www\super_admin\vendor\laravel\framework\src\Illuminate\Console\Command.php(155): Symfony\Component\Console\Command\Command->run(Object(Symfony\Component\Console\Input\ArgvInput), Object(Symfony\Component\Console\Output\ConsoleOutput))
#5 D:\wamp\www\super_admin\vendor\symfony\console\Application.php(818): Illuminate\Console\Command->run(Object(Symfony\Component\Console\Input\ArgvInput), Object(Symfony\Component\Console\Output\ConsoleOutput))
#6 D:\wamp\www\super_admin\vendor\symfony\console\Application.php(186): Symfony\Component\Console\Application->doRunCommand(Object(Illuminate\Foundation\Console\ViewClearCommand), Object(Symfony\Component\Console\Input\ArgvInput), Object(Symfony\Component\Console\Output\ConsoleOutput))
#7 D:\wamp\www\super_admin\vendor\symfony\console\Application.php(117): Symfony\Component\Console\Application->doRun(Object(Symfony\Component\Console\Input\ArgvInput), Object(Symfony\Component\Console\Output\ConsoleOutput))
#8 D:\wamp\www\super_admin\vendor\laravel\framework\src\Illuminate\Foundation\Console\Kernel.php(122): Symfony\Component\Console\Application->run(Object(Symfony\Component\Console\Input\ArgvInput), Object(Symfony\Component\Console\Output\ConsoleOutput))
#9 D:\wamp\www\super_admin\artisan(36): Illuminate\Foundation\Console\Kernel->handle(Object(Symfony\Component\Console\Input\ArgvInput), Object(Symfony\Component\Console\Output\ConsoleOutput))
#10 {main}  
